<?xml version="1.0" encoding="UTF-8"?>
<!-- Generated by org.testng.reporters.JUnitReportReporter -->
<testsuite hostname="Prajwal" failures="0" tests="1" name="TestCases.VerifyLogin" time="7.164" errors="0" timestamp="2023-06-15T01:07:40 IST" skipped="0">
  <testcase classname="TestCases.VerifyLogin" name="login" time="7.164"/>
  <system-out/>
</testsuite> <!-- TestCases.VerifyLogin -->
