<?xml version="1.0" encoding="UTF-8"?>
<!-- Generated by org.testng.reporters.JUnitReportReporter -->
<testsuite hostname="Prajwal" failures="0" tests="1" name="TestCases.VerifySignUp" time="33.635" errors="0" timestamp="2023-06-16T23:22:22 IST" skipped="0">
  <testcase classname="TestCases.VerifySignUp" name="signUp" time="33.635"/>
</testsuite> <!-- TestCases.VerifySignUp -->
